<?xml version="1.0" encoding="UTF-8"?>
<testsuite xmlns:xsi="http://www.w3.org/2001/XMLSchema-instance" xsi:noNamespaceSchemaLocation="https://maven.apache.org/surefire/maven-surefire-plugin/xsd/surefire-test-report-3.0.xsd" version="3.0" name="trivia.GameBetterTest" time="0.961" tests="2" errors="0" skipped="1" failures="0">
  <properties>
    <property name="java.specification.version" value="17"/>
    <property name="sun.jnu.encoding" value="UTF-8"/>
    <property name="java.class.path" value="/Users/rosfranborges/Documents/codes/kata-trivia-java/target/test-classes:/Users/rosfranborges/Documents/codes/kata-trivia-java/target/classes:/Users/rosfranborges/.m2/repository/junit/junit/4.13.2/junit-4.13.2.jar:/Users/rosfranborges/.m2/repository/org/hamcrest/hamcrest-core/1.3/hamcrest-core-1.3.jar:/Users/rosfranborges/.m2/repository/commons-io/commons-io/2.9.0/commons-io-2.9.0.jar:/Users/rosfranborges/.m2/repository/org/projectlombok/lombok/1.18.30/lombok-1.18.30.jar:"/>
    <property name="java.vm.vendor" value="Homebrew"/>
    <property name="sun.arch.data.model" value="64"/>
    <property name="java.vendor.url" value="https://github.com/Homebrew/homebrew-core/issues"/>
    <property name="mvnd.terminalWidth" value="229"/>
    <property name="os.name" value="Mac OS X"/>
    <property name="java.vm.specification.version" value="17"/>
    <property name="sun.java.launcher" value="SUN_STANDARD"/>
    <property name="user.country" value="NL"/>
    <property name="sun.boot.library.path" value="/opt/homebrew/Cellar/openjdk@17/17.0.9/libexec/openjdk.jdk/Contents/Home/lib"/>
    <property name="sun.java.command" value="/Users/rosfranborges/Documents/codes/kata-trivia-java/target/surefire/surefirebooter-20240313070459448_21.jar /Users/rosfranborges/Documents/codes/kata-trivia-java/target/surefire 2024-03-13T07-04-59_390-jvmRun1 surefire-20240313070459448_19tmp surefire_6-20240313070459448_20tmp"/>
    <property name="http.nonProxyHosts" value="local|*.local|169.254/16|*.169.254/16"/>
    <property name="jdk.debug" value="release"/>
    <property name="surefire.test.class.path" value="/Users/rosfranborges/Documents/codes/kata-trivia-java/target/test-classes:/Users/rosfranborges/Documents/codes/kata-trivia-java/target/classes:/Users/rosfranborges/.m2/repository/junit/junit/4.13.2/junit-4.13.2.jar:/Users/rosfranborges/.m2/repository/org/hamcrest/hamcrest-core/1.3/hamcrest-core-1.3.jar:/Users/rosfranborges/.m2/repository/commons-io/commons-io/2.9.0/commons-io-2.9.0.jar:/Users/rosfranborges/.m2/repository/org/projectlombok/lombok/1.18.30/lombok-1.18.30.jar:"/>
    <property name="sun.cpu.endian" value="little"/>
    <property name="user.home" value="/Users/rosfranborges"/>
    <property name="user.language" value="en"/>
    <property name="java.specification.vendor" value="Oracle Corporation"/>
    <property name="java.version.date" value="2023-10-17"/>
    <property name="java.home" value="/opt/homebrew/Cellar/openjdk@17/17.0.9/libexec/openjdk.jdk/Contents/Home"/>
    <property name="file.separator" value="/"/>
    <property name="style.color" value="always"/>
    <property name="basedir" value="/Users/rosfranborges/Documents/codes/kata-trivia-java"/>
    <property name="java.vm.compressedOopsMode" value="Zero based"/>
    <property name="line.separator" value="&#10;"/>
    <property name="java.vm.specification.vendor" value="Oracle Corporation"/>
    <property name="java.specification.name" value="Java Platform API Specification"/>
    <property name="surefire.real.class.path" value="/Users/rosfranborges/Documents/codes/kata-trivia-java/target/surefire/surefirebooter-20240313070459448_21.jar"/>
    <property name="sun.management.compiler" value="HotSpot 64-Bit Tiered Compilers"/>
    <property name="ftp.nonProxyHosts" value="local|*.local|169.254/16|*.169.254/16"/>
    <property name="java.runtime.version" value="17.0.9+0"/>
    <property name="user.name" value="rosfranborges"/>
    <property name="path.separator" value=":"/>
    <property name="os.version" value="14.3.1"/>
    <property name="java.runtime.name" value="OpenJDK Runtime Environment"/>
    <property name="file.encoding" value="UTF-8"/>
    <property name="java.vm.name" value="OpenJDK 64-Bit Server VM"/>
    <property name="java.vendor.version" value="Homebrew"/>
    <property name="localRepository" value="/Users/rosfranborges/.m2/repository"/>
    <property name="java.vendor.url.bug" value="https://github.com/Homebrew/homebrew-core/issues"/>
    <property name="java.io.tmpdir" value="/var/folders/t_/n734vmnd0px6drkrgdlt1qm40000gn/T/"/>
    <property name="java.version" value="17.0.9"/>
    <property name="user.dir" value="/Users/rosfranborges/Documents/codes/kata-trivia-java"/>
    <property name="os.arch" value="aarch64"/>
    <property name="java.vm.specification.name" value="Java Virtual Machine Specification"/>
    <property name="native.encoding" value="UTF-8"/>
    <property name="java.library.path" value="/Users/rosfranborges/Library/Java/Extensions:/Library/Java/Extensions:/Network/Library/Java/Extensions:/System/Library/Java/Extensions:/usr/lib/java:."/>
    <property name="java.vm.info" value="mixed mode, sharing"/>
    <property name="java.vendor" value="Homebrew"/>
    <property name="java.vm.version" value="17.0.9+0"/>
    <property name="sun.io.unicode.encoding" value="UnicodeBig"/>
    <property name="socksNonProxyHosts" value="local|*.local|169.254/16|*.169.254/16"/>
    <property name="java.class.version" value="61.0"/>
  </properties>
  <testcase name="oneSeed" classname="trivia.GameBetterTest" time="0.0">
    <skipped message="enable back and set a particular seed to see the output"/>
  </testcase>
  <testcase name="caracterizationTest" classname="trivia.GameBetterTest" time="0.933"/>
</testsuite>